branch 'main' set up to track 'origin/main'.
From github.com:danielraffel/solarshowdown-data
 * branch            main       -> FETCH_HEAD
   80c7326..8833e9f  main       -> origin/main
Updating 80c7326..8833e9f
Fast-forward
 stats.png | Bin 0 -> 2312964 bytes
 1 file changed, 0 insertions(+), 0 deletions(-)
 create mode 100644 stats.png
Saved Solar Showdown result for 2025-04-18
[main 4a1e252] Update daily leaderboard 2025-04-18 23:55
 1 file changed, 70 insertions(+), 1 deletion(-)
error: cannot pull with rebase: You have unstaged changes.
error: Please commit or stash them.
To github.com:danielraffel/solarshowdown-data.git
   8833e9f..4a1e252  main -> main
Daily leaderboard updated successfully at 2025-04-18 23:55
branch 'main' set up to track 'origin/main'.
error: cannot pull with rebase: You have unstaged changes.
error: Please commit or stash them.
Saved Solar Showdown result for 4/19/2025
[main 6ae20af] Update daily leaderboard 2025-04-19 23:55
 1 file changed, 68 insertions(+)
To github.com:danielraffel/solarshowdown-data.git
   4239b94..6ae20af  main -> main
Daily leaderboard updated successfully
From github.com:danielraffel/solarshowdown-data
 * branch            main       -> FETCH_HEAD
   b8f5af2..e29eca4  main       -> origin/main
Updating b8f5af2..e29eca4
Fast-forward
 steve.json | 2 +-
 1 file changed, 1 insertion(+), 1 deletion(-)
✅ Saved Solar Showdown result for 2025-04-20
[main 46ac4be] Update daily leaderboard 2025-04-20 23:55
 1 file changed, 69 insertions(+), 1 deletion(-)
To github.com:danielraffel/solarshowdown-data.git
   e29eca4..46ac4be  main -> main
Daily leaderboard updated successfully
